<?xml version="1.0" encoding="UTF-8"?>
<!-- Generated by org.testng.reporters.JUnitXMLReporter -->
<testsuite hostname="DESKTOP-44FA490" name="Default test" tests="3" failures="0" timestamp="26 May 2017 13:06:25 GMT" time="14.47" errors="0">
  <testcase name="googleSearchTextByClick" time="2.475" classname="com.google.test.GoogleTest"/>
  <testcase name="googleSearchTextByEnter" time="1.817" classname="com.google.test.GoogleTest"/>
  <testcase name="googleSignInWrongEmail" time="1.77" classname="com.google.test.GoogleTest"/>
</testsuite> <!-- Default test -->
